{"numTotalTestSuites":20,"numPassedTestSuites":20,"numFailedTestSuites":0,"numPendingTestSuites":0,"numTotalTests":217,"numPassedTests":217,"numFailedTests":0,"numPendingTests":0,"numTodoTests":0,"snapshot":{"added":0,"failure":false,"filesAdded":0,"filesRemoved":0,"filesRemovedList":[],"filesUnmatched":0,"filesUpdated":0,"matched":0,"total":0,"unchecked":0,"uncheckedKeysByFile":[],"unmatched":0,"updated":0,"didUpdate":false},"startTime":1789421268588,"success":true,"testResults":[{"assertionResults":[{"ancestorTitles":["useTraxSupport Phase 1"],"fullName":"useTraxSupport Phase 1 accepts only the new operational protocol and sends a server-held recheck","status":"passed","title":"accepts only the new operational protocol and sends a server-held recheck","duration":49.63760000000002,"failureMessages":[],"meta":{}},{"ancestorTitles":["useTraxSupport Phase 1"],"fullName":"useTraxSupport Phase 1 rejects financial sources even when an endpoint claims the operational protocol","status":"passed","title":"rejects financial sources even when an endpoint claims the operational protocol","duration":23.558500000000095,"failureMessages":[],"meta":{}},{"ancestorTitles":["useTraxSupport Phase 1"],"fullName":"useTraxSupport Phase 1 uses the same-origin backend in local development","status":"passed","title":"uses the same-origin backend in local development","duration":70.30320000000006,"failureMessages":[],"meta":{}},{"ancestorTitles":["useTraxSupport Phase 1"],"fullName":"useTraxSupport Phase 1 keeps production requests on the configured edge endpoint","status":"passed","title":"keeps production requests on the configured edge endpoint","duration":46.28800000000001,"failureMessages":[],"meta":{}},{"ancestorTitles":["useTraxSupport Phase 1"],"fullName":"useTraxSupport Phase 1 supports a future tenant enabled for the V2 layout without a Northwind name check","status":"passed","title":"supports a future tenant enabled for the V2 layout without a Northwind name check","duration":46.28610000000003,"failureMessages":[],"meta":{}},{"ancestorTitles":["useTraxSupport Phase 1"],"fullName":"useTraxSupport Phase 1 never contacts support for another or unknown tenant: offline-other","status":"passed","title":"never contacts support for another or unknown tenant: offline-other","duration":3.6022999999997865,"failureMessages":[],"meta":{}},{"ancestorTitles":["useTraxSupport Phase 1"],"fullName":"useTraxSupport Phase 1 never contacts support for another or unknown tenant: ","status":"passed","title":"never contacts support for another or unknown tenant: ","duration":1.4335999999998421,"failureMessages":[],"meta":{}},{"ancestorTitles":["useTraxSupport Phase 1"],"fullName":"useTraxSupport Phase 1 never contacts support from a V1 layout, even with a Northwind tenant","status":"passed","title":"never contacts support from a V1 layout, even with a Northwind tenant","duration":1.438799999999901,"failureMessages":[],"meta":{}},{"ancestorTitles":["useTraxSupport Phase 1"],"fullName":"useTraxSupport Phase 1 fails closed when the environment has no configured support service","status":"passed","title":"fails closed when the environment has no configured support service","duration":25.834100000000035,"failureMessages":[],"meta":{}},{"ancestorTitles":["useTraxSupport Phase 1"],"fullName":"useTraxSupport Phase 1 does not check access or send requests while the dialog is closed","status":"passed","title":"does not check access or send requests while the dialog is closed","duration":5.251800000000003,"failureMessages":[],"meta":{}},{"ancestorTitles":["useTraxSupport Phase 1"],"fullName":"useTraxSupport Phase 1 checks server context before sending and displays a documented answer","status":"passed","title":"checks server context before sending and displays a documented answer","duration":26.73070000000007,"failureMessages":[],"meta":{}},{"ancestorTitles":["useTraxSupport Phase 1"],"fullName":"useTraxSupport Phase 1 discards a delayed old-tenant response even when fetch ignores AbortSignal","status":"passed","title":"discards a delayed old-tenant response even when fetch ignores AbortSignal","duration":39.55599999999981,"failureMessages":[],"meta":{}},{"ancestorTitles":["useTraxSupport Phase 1"],"fullName":"useTraxSupport Phase 1 clears old messages synchronously when client permissions change","status":"passed","title":"clears old messages synchronously when client permissions change","duration":33.945199999999886,"failureMessages":[],"meta":{}},{"ancestorTitles":["useTraxSupport Phase 1"],"fullName":"useTraxSupport Phase 1 clears evidence when server permission scope changes on focus","status":"passed","title":"clears evidence when server permission scope changes on focus","duration":61.67749999999978,"failureMessages":[],"meta":{}},{"ancestorTitles":["useTraxSupport Phase 1"],"fullName":"useTraxSupport Phase 1 does not allow a legacy RAG response to bypass the boundary","status":"passed","title":"does not allow a legacy RAG response to bypass the boundary","duration":20.203700000000026,"failureMessages":[],"meta":{}},{"ancestorTitles":["useTraxSupport Phase 1"],"fullName":"useTraxSupport Phase 1 revalidates navigation before routing and refuses an unsafe returned URL","status":"passed","title":"revalidates navigation before routing and refuses an unsafe returned URL","duration":19.01319999999987,"failureMessages":[],"meta":{}},{"ancestorTitles":["useTraxSupport Phase 1"],"fullName":"useTraxSupport Phase 1 does not call the legacy business action endpoint","status":"passed","title":"does not call the legacy business action endpoint","duration":23.72420000000011,"failureMessages":[],"meta":{}}],"startTime":1789421275635,"endTime":1789421276135.724,"status":"passed","message":"","name":"C:/Users/User/Documents/Drive_247/drive-247/apps/portal/src/__tests__/hooks/use-trax-support.test.tsx"},{"assertionResults":[{"ancestorTitles":["complete, tenant-scoped fleet facts"],"fullName":"complete, tenant-scoped fleet facts Tenant 1 with two cars and Tenant 2 with six cars get their own exact totals through the real handler","status":"passed","title":"Tenant 1 with two cars and Tenant 2 with six cars get their own exact totals through the real handler","duration":32.25430000000006,"failureMessages":[],"meta":{}},{"ancestorTitles":["complete, tenant-scoped fleet facts"],"fullName":"complete, tenant-scoped fleet facts counts beyond table pagination remain exact and do not load customer records","status":"passed","title":"counts beyond table pagination remain exact and do not load customer records","duration":2.859000000000151,"failureMessages":[],"meta":{}},{"ancestorTitles":["complete, tenant-scoped fleet facts"],"fullName":"complete, tenant-scoped fleet facts refuses a frontend attempt to select the other tenant before the model runs","status":"passed","title":"refuses a frontend attempt to select the other tenant before the model runs","duration":1.5307999999999993,"failureMessages":[],"meta":{}},{"ancestorTitles":["complete, tenant-scoped fleet facts"],"fullName":"complete, tenant-scoped fleet facts rejects a tenant argument from a model tool before any count query","status":"passed","title":"rejects a tenant argument from a model tool before any count query","duration":4.48700000000008,"failureMessages":[],"meta":{}},{"ancestorTitles":["complete, tenant-scoped fleet facts"],"fullName":"complete, tenant-scoped fleet facts failed queries produce unknown totals, never zero","status":"passed","title":"failed queries produce unknown totals, never zero","duration":0.910799999999881,"failureMessages":[],"meta":{}},{"ancestorTitles":["complete, tenant-scoped fleet facts"],"fullName":"complete, tenant-scoped fleet facts a manager without customer access cannot query or receive its count","status":"passed","title":"a manager without customer access cannot query or receive its count","duration":1.6673000000000684,"failureMessages":[],"meta":{}},{"ancestorTitles":["complete, tenant-scoped fleet facts"],"fullName":"complete, tenant-scoped fleet facts separates two bookings on one car from the unique booked-vehicle count","status":"passed","title":"separates two bookings on one car from the unique booked-vehicle count","duration":3.193899999999985,"failureMessages":[],"meta":{}},{"ancestorTitles":["complete, tenant-scoped fleet facts"],"fullName":"complete, tenant-scoped fleet facts does not expose a foreign vehicle relationship on an authorized rental","status":"passed","title":"does not expose a foreign vehicle relationship on an authorized rental","duration":3.258199999999988,"failureMessages":[],"meta":{}},{"ancestorTitles":["complete, tenant-scoped fleet facts"],"fullName":"complete, tenant-scoped fleet facts does not calculate a whole-fleet unique total from a partial rental page","status":"passed","title":"does not calculate a whole-fleet unique total from a partial rental page","duration":1.0645999999999276,"failureMessages":[],"meta":{}},{"ancestorTitles":["complete, tenant-scoped fleet facts"],"fullName":"complete, tenant-scoped fleet facts uses tenant-local current date for upcoming reservations","status":"passed","title":"uses tenant-local current date for upcoming reservations","duration":1.5126999999999953,"failureMessages":[],"meta":{}},{"ancestorTitles":["complete, tenant-scoped fleet facts"],"fullName":"complete, tenant-scoped fleet facts does not substitute server timezone when tenant timezone is missing","status":"passed","title":"does not substitute server timezone when tenant timezone is missing","duration":1.3578999999999724,"failureMessages":[],"meta":{}},{"ancestorTitles":["complete, tenant-scoped fleet facts"],"fullName":"complete, tenant-scoped fleet facts asks for requested dates rather than treating free now as bookable","status":"passed","title":"asks for requested dates rather than treating free now as bookable","duration":0.9954999999999927,"failureMessages":[],"meta":{}},{"ancestorTitles":["complete, tenant-scoped fleet facts"],"fullName":"complete, tenant-scoped fleet facts fleet date checks reuse open-return, visibility and block rules","status":"passed","title":"fleet date checks reuse open-return, visibility and block rules","duration":3.329200000000128,"failureMessages":[],"meta":{}},{"ancestorTitles":["complete, tenant-scoped fleet facts"],"fullName":"complete, tenant-scoped fleet facts failed availability reads cannot certify a car as available","status":"passed","title":"failed availability reads cannot certify a car as available","duration":1.300000000000182,"failureMessages":[],"meta":{}},{"ancestorTitles":["complete, tenant-scoped fleet facts"],"fullName":"complete, tenant-scoped fleet facts rejects cross-tenant rows returned by a broken adapter","status":"passed","title":"rejects cross-tenant rows returned by a broken adapter","duration":0.8180999999999585,"failureMessages":[],"meta":{}},{"ancestorTitles":["complete, tenant-scoped fleet facts"],"fullName":"complete, tenant-scoped fleet facts exact count adapter uses head counts and an explicit tenant predicate","status":"passed","title":"exact count adapter uses head counts and an explicit tenant predicate","duration":0.8040999999998348,"failureMessages":[],"meta":{}},{"ancestorTitles":["deterministic issue policy and real submission boundary"],"fullName":"deterministic issue policy and real submission boundary necessary clarification and many messages do not repeatedly increase escalation","status":"passed","title":"necessary clarification and many messages do not repeatedly increase escalation","duration":1.4204999999999472,"failureMessages":[],"meta":{}},{"ancestorTitles":["deterministic issue policy and real submission boundary"],"fullName":"deterministic issue policy and real submission boundary duplicate failures are not counted again","status":"passed","title":"duplicate failures are not counted again","duration":0.7203999999999269,"failureMessages":[],"meta":{}},{"ancestorTitles":["deterministic issue policy and real submission boundary"],"fullName":"deterministic issue policy and real submission boundary new verified progress reduces need and explicit resolution ends the issue","status":"passed","title":"new verified progress reduces need and explicit resolution ends the issue","duration":2.4862000000000535,"failureMessages":[],"meta":{}},{"ancestorTitles":["deterministic issue policy and real submission boundary"],"fullName":"deterministic issue policy and real submission boundary policy is configurable but a user request for support stays immediate","status":"passed","title":"policy is configurable but a user request for support stays immediate","duration":1.2260000000001128,"failureMessages":[],"meta":{}},{"ancestorTitles":["deterministic issue policy and real submission boundary"],"fullName":"deterministic issue policy and real submission boundary unsupported payment issue reaches 100 without financial reads or a ticket","status":"passed","title":"unsupported payment issue reaches 100 without financial reads or a ticket","duration":2.776299999999992,"failureMessages":[],"meta":{}},{"ancestorTitles":["deterministic issue policy and real submission boundary"],"fullName":"deterministic issue policy and real submission boundary an unrelated vehicle-count question has independent escalation","status":"passed","title":"an unrelated vehicle-count question has independent escalation","duration":6.754400000000032,"failureMessages":[],"meta":{}},{"ancestorTitles":["deterministic issue policy and real submission boundary"],"fullName":"deterministic issue policy and real submission boundary New issue starts an independent investigation even for the same topic","status":"passed","title":"New issue starts an independent investigation even for the same topic","duration":12.996900000000096,"failureMessages":[],"meta":{}},{"ancestorTitles":["deterministic issue policy and real submission boundary"],"fullName":"deterministic issue policy and real submission boundary missing required arguments are clarification, not a failed diagnostic","status":"passed","title":"missing required arguments are clarification, not a failed diagnostic","duration":4.150300000000016,"failureMessages":[],"meta":{}},{"ancestorTitles":["deterministic issue policy and real submission boundary"],"fullName":"deterministic issue policy and real submission boundary general payment-method guidance does not claim a financial investigation","status":"passed","title":"general payment-method guidance does not claim a financial investigation","duration":6.477699999999913,"failureMessages":[],"meta":{}},{"ancestorTitles":["deterministic issue policy and real submission boundary"],"fullName":"deterministic issue policy and real submission boundary mixed payment-method and live balance questions remain financially restricted","status":"passed","title":"mixed payment-method and live balance questions remain financially restricted","duration":1.8044999999997344,"failureMessages":[],"meta":{}},{"ancestorTitles":["deterministic issue policy and real submission boundary"],"fullName":"deterministic issue policy and real submission boundary reads the actual V2 Bonzah and listing workflow sections without account claims","status":"passed","title":"reads the actual V2 Bonzah and listing workflow sections without account claims","duration":3.971299999999701,"failureMessages":[],"meta":{}},{"ancestorTitles":["deterministic issue policy and real submission boundary"],"fullName":"deterministic issue policy and real submission boundary bounded session fallback can continue a multi-issue history without persistent storage","status":"passed","title":"bounded session fallback can continue a multi-issue history without persistent storage","duration":63.38580000000002,"failureMessages":[],"meta":{}},{"ancestorTitles":["deterministic issue policy and real submission boundary"],"fullName":"deterministic issue policy and real submission boundary explicit human support request offers handoff without submitting","status":"passed","title":"explicit human support request offers handoff without submitting","duration":2.955699999999979,"failureMessages":[],"meta":{}},{"ancestorTitles":["deterministic issue policy and real submission boundary"],"fullName":"deterministic issue policy and real submission boundary asking a person preserves the active issue and skips additional model troubleshooting","status":"passed","title":"asking a person preserves the active issue and skips additional model troubleshooting","duration":5.456700000000183,"failureMessages":[],"meta":{}},{"ancestorTitles":["deterministic issue policy and real submission boundary"],"fullName":"deterministic issue policy and real submission boundary only explicit submit_ticket persists a ticket and retries return the same reference","status":"passed","title":"only explicit submit_ticket persists a ticket and retries return the same reference","duration":6.28690000000006,"failureMessages":[],"meta":{}},{"ancestorTitles":["deterministic issue policy and real submission boundary"],"fullName":"deterministic issue policy and real submission boundary failed creation returns no invented reference and keeps stored conversation","status":"passed","title":"failed creation returns no invented reference and keeps stored conversation","duration":2.5542999999997846,"failureMessages":[],"meta":{}},{"ancestorTitles":["deterministic issue policy and real submission boundary"],"fullName":"deterministic issue policy and real submission boundary an issue ID from another conversation cannot be submitted","status":"passed","title":"an issue ID from another conversation cannot be submitted","duration":3.708900000000085,"failureMessages":[],"meta":{}},{"ancestorTitles":["deterministic issue policy and real submission boundary"],"fullName":"deterministic issue policy and real submission boundary tenant switching invalidates conversation, ticket actions and resume","status":"passed","title":"tenant switching invalidates conversation, ticket actions and resume","duration":2.88130000000001,"failureMessages":[],"meta":{}},{"ancestorTitles":["deterministic issue policy and real submission boundary"],"fullName":"deterministic issue policy and real submission boundary role changes invalidate previous evidence and submission","status":"passed","title":"role changes invalidate previous evidence and submission","duration":2.426300000000083,"failureMessages":[],"meta":{}},{"ancestorTitles":["deterministic issue policy and real submission boundary"],"fullName":"deterministic issue policy and real submission boundary resume restores issue state after refresh without increasing scores","status":"passed","title":"resume restores issue state after refresh without increasing scores","duration":4.792699999999968,"failureMessages":[],"meta":{}},{"ancestorTitles":["deterministic issue policy and real submission boundary"],"fullName":"deterministic issue policy and real submission boundary normal tenant administrators cannot open a support queue","status":"passed","title":"normal tenant administrators cannot open a support queue","duration":1.1231000000002496,"failureMessages":[],"meta":{}},{"ancestorTitles":["deterministic issue policy and real submission boundary"],"fullName":"deterministic issue policy and real submission boundary resolved issues do not automatically close submitted tickets","status":"passed","title":"resolved issues do not automatically close submitted tickets","duration":4.069800000000214,"failureMessages":[],"meta":{}},{"ancestorTitles":["deterministic issue policy and real submission boundary"],"fullName":"deterministic issue policy and real submission boundary support storage failure does not produce a fake ticket capability","status":"passed","title":"support storage failure does not produce a fake ticket capability","duration":1.5648000000001048,"failureMessages":[],"meta":{}},{"ancestorTitles":["deterministic issue policy and real submission boundary"],"fullName":"deterministic issue policy and real submission boundary API keys, tokens, payment identifiers, email and card numbers are removed from handoff text","status":"passed","title":"API keys, tokens, payment identifiers, email and card numbers are removed from handoff text","duration":0.6943999999998596,"failureMessages":[],"meta":{}},{"ancestorTitles":["deterministic issue policy and real submission boundary"],"fullName":"deterministic issue policy and real submission boundary redaction preserves useful rental dates while removing phone and card numbers","status":"passed","title":"redaction preserves useful rental dates while removing phone and card numbers","duration":0.5237999999999374,"failureMessages":[],"meta":{}},{"ancestorTitles":["deterministic issue policy and real submission boundary"],"fullName":"deterministic issue policy and real submission boundary the model cannot create tickets through a function call","status":"passed","title":"the model cannot create tickets through a function call","duration":3.1568999999999505,"failureMessages":[],"meta":{}},{"ancestorTitles":["deterministic issue policy and real submission boundary"],"fullName":"deterministic issue policy and real submission boundary blocks financial mutation tools even during an existing issue","status":"passed","title":"blocks financial mutation tools even during an existing issue","duration":5.7520000000004075,"failureMessages":[],"meta":{}},{"ancestorTitles":["Responses API contract"],"fullName":"Responses API contract carries function outputs and encrypted reasoning items through a stateless loop","status":"passed","title":"carries function outputs and encrypted reasoning items through a stateless loop","duration":0.6000000000003638,"failureMessages":[],"meta":{}},{"ancestorTitles":["Responses API contract"],"fullName":"Responses API contract uses a server-configured model and never includes credentials in input","status":"passed","title":"uses a server-configured model and never includes credentials in input","duration":1.2312000000001717,"failureMessages":[],"meta":{}},{"ancestorTitles":["Responses API contract"],"fullName":"Responses API contract rejects a incomplete provider response without fabricating an answer","status":"passed","title":"rejects a incomplete provider response without fabricating an answer","duration":1.124300000000403,"failureMessages":[],"meta":{}},{"ancestorTitles":["Responses API contract"],"fullName":"Responses API contract rejects a failed provider response without fabricating an answer","status":"passed","title":"rejects a failed provider response without fabricating an answer","duration":0.5744000000004235,"failureMessages":[],"meta":{}},{"ancestorTitles":["Responses API contract"],"fullName":"Responses API contract rejects a cancelled provider response without fabricating an answer","status":"passed","title":"rejects a cancelled provider response without fabricating an answer","duration":0.7979000000000269,"failureMessages":[],"meta":{}}],"startTime":1789421278116,"endTime":1789421278338.7979,"status":"passed","message":"","name":"C:/Users/User/Documents/Drive_247/drive-247/apps/portal/src/__tests__/lib/trax-escalation.test.ts"},{"assertionResults":[{"ancestorTitles":["TRAX maintained knowledge"],"fullName":"TRAX maintained knowledge selects only columns that exist in the checked-in database schema","status":"passed","title":"selects only columns that exist in the checked-in database schema","duration":176.49440000000004,"failureMessages":[],"meta":{}},{"ancestorTitles":["TRAX maintained knowledge"],"fullName":"TRAX maintained knowledge matches its sources, portal route inventory and permission coverage","status":"passed","title":"matches its sources, portal route inventory and permission coverage","duration":310.20550000000003,"failureMessages":[],"meta":{}},{"ancestorTitles":["TRAX maintained knowledge"],"fullName":"TRAX maintained knowledge detects changes and deleted sources without normalizing business text away","status":"passed","title":"detects changes and deleted sources without normalizing business text away","duration":0.9162999999998647,"failureMessages":[],"meta":{}},{"ancestorTitles":["TRAX maintained knowledge"],"fullName":"TRAX maintained knowledge keeps private knowledge, old embeddings and write dispatch outside the handler","status":"passed","title":"keeps private knowledge, old embeddings and write dispatch outside the handler","duration":2.5459999999998217,"failureMessages":[],"meta":{}},{"ancestorTitles":["TRAX maintained knowledge"],"fullName":"TRAX maintained knowledge keeps the deferred legacy remediation outside deployable migrations","status":"passed","title":"keeps the deferred legacy remediation outside deployable migrations","duration":4.473199999999906,"failureMessages":[],"meta":{}},{"ancestorTitles":["TRAX maintained knowledge"],"fullName":"TRAX maintained knowledge preserves the original V1 chat and indexing paths exactly","status":"passed","title":"preserves the original V1 chat and indexing paths exactly","duration":5.00649999999996,"failureMessages":[],"meta":{}}],"startTime":1789421271105,"endTime":1789421271605.0066,"status":"passed","message":"","name":"C:/Users/User/Documents/Drive_247/drive-247/apps/portal/src/__tests__/lib/trax-knowledge.test.ts"},{"assertionResults":[{"ancestorTitles":["local V2 TRAX with the real authorization and guidance handler"],"fullName":"local V2 TRAX with the real authorization and guidance handler is unavailable in production before constructing a database client","status":"passed","title":"is unavailable in production before constructing a database client","duration":6.390899999999874,"failureMessages":[],"meta":{}},{"ancestorTitles":["local V2 TRAX with the real authorization and guidance handler"],"fullName":"local V2 TRAX with the real authorization and guidance handler rejects a missing bearer token before reading any data","status":"passed","title":"rejects a missing bearer token before reading any data","duration":1.2467999999998938,"failureMessages":[],"meta":{}},{"ancestorTitles":["local V2 TRAX with the real authorization and guidance handler"],"fullName":"local V2 TRAX with the real authorization and guidance handler fails closed without NEXT_PUBLIC_SUPABASE_URL","status":"passed","title":"fails closed without NEXT_PUBLIC_SUPABASE_URL","duration":1.3791999999998552,"failureMessages":[],"meta":{}},{"ancestorTitles":["local V2 TRAX with the real authorization and guidance handler"],"fullName":"local V2 TRAX with the real authorization and guidance handler fails closed without SUPABASE_SERVICE_ROLE_KEY","status":"passed","title":"fails closed without SUPABASE_SERVICE_ROLE_KEY","duration":2.613900000000058,"failureMessages":[],"meta":{}},{"ancestorTitles":["local V2 TRAX with the real authorization and guidance handler"],"fullName":"local V2 TRAX with the real authorization and guidance handler verifies the real session instead of accepting a local fake identity","status":"passed","title":"verifies the real session instead of accepting a local fake identity","duration":5.2179000000001,"failureMessages":[],"meta":{}},{"ancestorTitles":["local V2 TRAX with the real authorization and guidance handler"],"fullName":"local V2 TRAX with the real authorization and guidance handler serves prepared guidance and revalidates membership before responding","status":"passed","title":"serves prepared guidance and revalidates membership before responding","duration":12.566700000000083,"failureMessages":[],"meta":{}},{"ancestorTitles":["local V2 TRAX with the real authorization and guidance handler"],"fullName":"local V2 TRAX with the real authorization and guidance handler uses server-only credentials and bounds upstream calls to a deadline","status":"passed","title":"uses server-only credentials and bounds upstream calls to a deadline","duration":3.9580000000000837,"failureMessages":[],"meta":{}},{"ancestorTitles":["local V2 TRAX with the real authorization and guidance handler"],"fullName":"local V2 TRAX with the real authorization and guidance handler denies V1 tenants even for a super administrator","status":"passed","title":"denies V1 tenants even for a super administrator","duration":1.3957000000000335,"failureMessages":[],"meta":{}},{"ancestorTitles":["local V2 TRAX with the real authorization and guidance handler"],"fullName":"local V2 TRAX with the real authorization and guidance handler denies a forged tenant selection","status":"passed","title":"denies a forged tenant selection","duration":1.6539999999999964,"failureMessages":[],"meta":{}},{"ancestorTitles":["local V2 TRAX with the real authorization and guidance handler"],"fullName":"local V2 TRAX with the real authorization and guidance handler denies inactive staff","status":"passed","title":"denies inactive staff","duration":1.4216000000001259,"failureMessages":[],"meta":{}},{"ancestorTitles":["local V2 TRAX with the real authorization and guidance handler"],"fullName":"local V2 TRAX with the real authorization and guidance handler applies bounded server-loaded manager permissions to navigation","status":"passed","title":"applies bounded server-loaded manager permissions to navigation","duration":1.8436000000001513,"failureMessages":[],"meta":{}},{"ancestorTitles":["local V2 TRAX with the real authorization and guidance handler"],"fullName":"local V2 TRAX with the real authorization and guidance handler scopes record resolution to the authorized tenant with minimal fields","status":"passed","title":"scopes record resolution to the authorized tenant with minimal fields","duration":1.7895000000000891,"failureMessages":[],"meta":{}},{"ancestorTitles":["local V2 TRAX with the real authorization and guidance handler"],"fullName":"local V2 TRAX with the real authorization and guidance handler does not enable business writes in development","status":"passed","title":"does not enable business writes in development","duration":1.05600000000004,"failureMessages":[],"meta":{}},{"ancestorTitles":["local V2 TRAX with the real authorization and guidance handler"],"fullName":"local V2 TRAX with the real authorization and guidance handler does not fabricate a live Stripe balance","status":"passed","title":"does not fabricate a live Stripe balance","duration":5.375,"failureMessages":[],"meta":{}},{"ancestorTitles":["local V2 TRAX with the real authorization and guidance handler"],"fullName":"local V2 TRAX with the real authorization and guidance handler sanitizes service failures without echoing credentials or diagnostics","status":"passed","title":"sanitizes service failures without echoing credentials or diagnostics","duration":1.0342000000000553,"failureMessages":[],"meta":{}}],"startTime":1789421281904,"endTime":1789421281953.0342,"status":"passed","message":"","name":"C:/Users/User/Documents/Drive_247/drive-247/apps/portal/src/__tests__/lib/trax-local-route.test.ts"},{"assertionResults":[{"ancestorTitles":["read-only V2 operational diagnosis"],"fullName":"read-only V2 operational diagnosis finds an overdue open rental and unrecorded receiving, with an authorized return action","status":"passed","title":"finds an overdue open rental and unrecorded receiving, with an authorized return action","duration":11.931700000000092,"failureMessages":[],"meta":{}},{"ancestorTitles":["read-only V2 operational diagnosis"],"fullName":"read-only V2 operational diagnosis reports recorded receiving with an open rental as a conflict, without a repeat-return action","status":"passed","title":"reports recorded receiving with an open rental as a conflict, without a repeat-return action","duration":1.466899999999896,"failureMessages":[],"meta":{}},{"ancestorTitles":["read-only V2 operational diagnosis"],"fullName":"read-only V2 operational diagnosis reports PAYG closure conflicting with website occupancy without substituting fleet quote logic","status":"passed","title":"reports PAYG closure conflicting with website occupancy without substituting fleet quote logic","duration":1.1840000000001965,"failureMessages":[],"meta":{}},{"ancestorTitles":["read-only V2 operational diagnosis"],"fullName":"read-only V2 operational diagnosis preserves null-end occupancy without inventing an end date","status":"passed","title":"preserves null-end occupancy without inventing an end date","duration":1.1954000000000633,"failureMessages":[],"meta":{}},{"ancestorTitles":["read-only V2 operational diagnosis"],"fullName":"read-only V2 operational diagnosis finds multiple independent blockers","status":"passed","title":"finds multiple independent blockers","duration":1.3675999999995838,"failureMessages":[],"meta":{}},{"ancestorTitles":["read-only V2 operational diagnosis"],"fullName":"read-only V2 operational diagnosis does not require invented dates to diagnose website hiding","status":"passed","title":"does not require invented dates to diagnose website hiding","duration":0.9699000000000524,"failureMessages":[],"meta":{}},{"ancestorTitles":["read-only V2 operational diagnosis"],"fullName":"read-only V2 operational diagnosis asks for missing startDate before occupancy checks","status":"passed","title":"asks for missing startDate before occupancy checks","duration":2.694800000000214,"failureMessages":[],"meta":{}},{"ancestorTitles":["read-only V2 operational diagnosis"],"fullName":"read-only V2 operational diagnosis asks for missing endDate before occupancy checks","status":"passed","title":"asks for missing endDate before occupancy checks","duration":0.9885999999996784,"failureMessages":[],"meta":{}},{"ancestorTitles":["read-only V2 operational diagnosis"],"fullName":"read-only V2 operational diagnosis asks for missing customerTimezone before occupancy checks","status":"passed","title":"asks for missing customerTimezone before occupancy checks","duration":0.8049999999998363,"failureMessages":[],"meta":{}},{"ancestorTitles":["read-only V2 operational diagnosis"],"fullName":"read-only V2 operational diagnosis rejects malformed or excessively broad diagnostic input {\"startDate\":\"2026-02-30\"}","status":"passed","title":"rejects malformed or excessively broad diagnostic input {\"startDate\":\"2026-02-30\"}","duration":1.8611000000000786,"failureMessages":[],"meta":{}},{"ancestorTitles":["read-only V2 operational diagnosis"],"fullName":"read-only V2 operational diagnosis rejects malformed or excessively broad diagnostic input {\"endDate\":\"2026-01-01\"}","status":"passed","title":"rejects malformed or excessively broad diagnostic input {\"endDate\":\"2026-01-01\"}","duration":0.5541000000002896,"failureMessages":[],"meta":{}},{"ancestorTitles":["read-only V2 operational diagnosis"],"fullName":"read-only V2 operational diagnosis rejects malformed or excessively broad diagnostic input {\"endDate\":\"2028-01-01\"}","status":"passed","title":"rejects malformed or excessively broad diagnostic input {\"endDate\":\"2028-01-01\"}","duration":0.5147000000001754,"failureMessages":[],"meta":{}},{"ancestorTitles":["read-only V2 operational diagnosis"],"fullName":"read-only V2 operational diagnosis rejects malformed or excessively broad diagnostic input {\"customerTimezone\":\"not/a/zone\"}","status":"passed","title":"rejects malformed or excessively broad diagnostic input {\"customerTimezone\":\"not/a/zone\"}","duration":0.5453000000002248,"failureMessages":[],"meta":{}},{"ancestorTitles":["read-only V2 operational diagnosis"],"fullName":"read-only V2 operational diagnosis rejects malformed or excessively broad diagnostic input {\"vehicleId\":\"fake\"}","status":"passed","title":"rejects malformed or excessively broad diagnostic input {\"vehicleId\":\"fake\"}","duration":0.4375,"failureMessages":[],"meta":{}},{"ancestorTitles":["read-only V2 operational diagnosis"],"fullName":"read-only V2 operational diagnosis rejects malformed or excessively broad diagnostic input {\"pickupLocationId\":\"x,y\"}","status":"passed","title":"rejects malformed or excessively broad diagnostic input {\"pickupLocationId\":\"x,y\"}","duration":0.42059999999992215,"failureMessages":[],"meta":{}},{"ancestorTitles":["read-only V2 operational diagnosis"],"fullName":"read-only V2 operational diagnosis distinguishes duration flags without calculating prices","status":"passed","title":"distinguishes duration flags without calculating prices","duration":1.2454999999999927,"failureMessages":[],"meta":{}},{"ancestorTitles":["read-only V2 operational diagnosis"],"fullName":"read-only V2 operational diagnosis resolves a user-facing pickup location name without requesting a database ID","status":"passed","title":"resolves a user-facing pickup location name without requesting a database ID","duration":1.5032000000001062,"failureMessages":[],"meta":{}},{"ancestorTitles":["read-only V2 operational diagnosis"],"fullName":"read-only V2 operational diagnosis checks the verified pickup location mapping","status":"passed","title":"checks the verified pickup location mapping","duration":0.9448999999999614,"failureMessages":[],"meta":{}},{"ancestorTitles":["read-only V2 operational diagnosis"],"fullName":"read-only V2 operational diagnosis detects the actual website midnight turnaround rule in the customer timezone","status":"passed","title":"detects the actual website midnight turnaround rule in the customer timezone","duration":3.2265000000002146,"failureMessages":[],"meta":{}},{"ancestorTitles":["read-only V2 operational diagnosis"],"fullName":"read-only V2 operational diagnosis does not promote a failed buffer read to complete availability","status":"passed","title":"does not promote a failed buffer read to complete availability","duration":2.6130000000002838,"failureMessages":[],"meta":{}},{"ancestorTitles":["read-only V2 operational diagnosis"],"fullName":"read-only V2 operational diagnosis reports failed blocked-date checks as partial, retaining known blockers","status":"passed","title":"reports failed blocked-date checks as partial, retaining known blockers","duration":1.9641999999998916,"failureMessages":[],"meta":{}},{"ancestorTitles":["read-only V2 operational diagnosis"],"fullName":"read-only V2 operational diagnosis reports checkout coverage as partial and does not invoke date-buffer checks","status":"passed","title":"reports checkout coverage as partial and does not invoke date-buffer checks","duration":1.387300000000323,"failureMessages":[],"meta":{}},{"ancestorTitles":["read-only V2 operational diagnosis"],"fullName":"read-only V2 operational diagnosis keeps blockers generic when rental and block details are restricted","status":"passed","title":"keeps blockers generic when rental and block details are restricted","duration":1.1300999999998567,"failureMessages":[],"meta":{}},{"ancestorTitles":["read-only V2 operational diagnosis"],"fullName":"read-only V2 operational diagnosis denies vehicle checks without vehicle permission","status":"passed","title":"denies vehicle checks without vehicle permission","duration":0.7575000000001637,"failureMessages":[],"meta":{}},{"ancestorTitles":["read-only V2 operational diagnosis"],"fullName":"read-only V2 operational diagnosis does not offer receiving edits to a viewer","status":"passed","title":"does not offer receiving edits to a viewer","duration":0.9619000000002416,"failureMessages":[],"meta":{}},{"ancestorTitles":["read-only V2 operational diagnosis"],"fullName":"read-only V2 operational diagnosis fails closed if the data adapter returns another tenant or vehicle","status":"passed","title":"fails closed if the data adapter returns another tenant or vehicle","duration":0.9280000000003383,"failureMessages":[],"meta":{}},{"ancestorTitles":["read-only V2 operational diagnosis"],"fullName":"read-only V2 operational diagnosis does not silently accept a handover from another rental","status":"passed","title":"does not silently accept a handover from another rental","duration":0.8442000000000007,"failureMessages":[],"meta":{}},{"ancestorTitles":["read-only V2 operational diagnosis"],"fullName":"read-only V2 operational diagnosis marks a sentinel-truncated result partial and caps detailed rentals","status":"passed","title":"marks a sentinel-truncated result partial and caps detailed rentals","duration":1.850500000000011,"failureMessages":[],"meta":{}},{"ancestorTitles":["read-only V2 operational diagnosis"],"fullName":"read-only V2 operational diagnosis returns ambiguity rather than selecting the first matching vehicle","status":"passed","title":"returns ambiguity rather than selecting the first matching vehicle","duration":1.0533999999997832,"failureMessages":[],"meta":{}},{"ancestorTitles":["read-only V2 operational diagnosis"],"fullName":"read-only V2 operational diagnosis distinguishes no matching record without searching another tenant","status":"passed","title":"distinguishes no matching record without searching another tenant","duration":0.8445999999999003,"failureMessages":[],"meta":{}},{"ancestorTitles":["read-only V2 operational diagnosis"],"fullName":"read-only V2 operational diagnosis rejects query syntax *","status":"passed","title":"rejects query syntax *","duration":0.9585000000001855,"failureMessages":[],"meta":{}},{"ancestorTitles":["read-only V2 operational diagnosis"],"fullName":"read-only V2 operational diagnosis rejects query syntax reg.eq.foo,tenant_id.not.is.null","status":"passed","title":"rejects query syntax reg.eq.foo,tenant_id.not.is.null","duration":0.6688999999996668,"failureMessages":[],"meta":{}},{"ancestorTitles":["read-only V2 operational diagnosis"],"fullName":"read-only V2 operational diagnosis rejects query syntax %","status":"passed","title":"rejects query syntax %","duration":0.40950000000020736,"failureMessages":[],"meta":{}},{"ancestorTitles":["read-only V2 operational diagnosis"],"fullName":"read-only V2 operational diagnosis rejects query syntax a.b","status":"passed","title":"rejects query syntax a.b","duration":0.3637999999996282,"failureMessages":[],"meta":{}},{"ancestorTitles":["read-only V2 operational diagnosis"],"fullName":"read-only V2 operational diagnosis rejects query syntax (a)","status":"passed","title":"rejects query syntax (a)","duration":0.34740000000010696,"failureMessages":[],"meta":{}},{"ancestorTitles":["model tool orchestration (scripted provider, not language quality claims)"],"fullName":"model tool orchestration (scripted provider, not language quality claims) cannot request a repeat-return link after receiving/status conflict evidence","status":"passed","title":"cannot request a repeat-return link after receiving/status conflict evidence","duration":21.066599999999653,"failureMessages":[],"meta":{}},{"ancestorTitles":["model tool orchestration (scripted provider, not language quality claims)"],"fullName":"model tool orchestration (scripted provider, not language quality claims) passes natural wording to the model and asks for material context: The keys are back, yet our next driver gets a greyed-out car.","status":"passed","title":"passes natural wording to the model and asks for material context: The keys are back, yet our next driver gets a greyed-out car.","duration":3.653099999999995,"failureMessages":[],"meta":{}},{"ancestorTitles":["model tool orchestration (scripted provider, not language quality claims)"],"fullName":"model tool orchestration (scripted provider, not language quality claims) passes natural wording to the model and asks for material context: Gaari wapis aa gayi lekin doosra customer book nahi kar pa raha.","status":"passed","title":"passes natural wording to the model and asks for material context: Gaari wapis aa gayi lekin doosra customer book nahi kar pa raha.","duration":3.406999999999698,"failureMessages":[],"meta":{}},{"ancestorTitles":["model tool orchestration (scripted provider, not language quality claims)"],"fullName":"model tool orchestration (scripted provider, not language quality claims) uses a validated vehicle page, live tools and fresh Check Again","status":"passed","title":"uses a validated vehicle page, live tools and fresh Check Again","duration":13.083999999999833,"failureMessages":[],"meta":{}},{"ancestorTitles":["model tool orchestration (scripted provider, not language quality claims)"],"fullName":"model tool orchestration (scripted provider, not language quality claims) re-fetches operational evidence for conversational follow-ups","status":"passed","title":"re-fetches operational evidence for conversational follow-ups","duration":14.007900000000063,"failureMessages":[],"meta":{}},{"ancestorTitles":["model tool orchestration (scripted provider, not language quality claims)"],"fullName":"model tool orchestration (scripted provider, not language quality claims) retrieves exact reviewed sections and resolves navigation","status":"passed","title":"retrieves exact reviewed sections and resolves navigation","duration":5.33640000000014,"failureMessages":[],"meta":{}},{"ancestorTitles":["model tool orchestration (scripted provider, not language quality claims)"],"fullName":"model tool orchestration (scripted provider, not language quality claims) cannot cite an invented record or emit a model-provided URL","status":"passed","title":"cannot cite an invented record or emit a model-provided URL","duration":8.324100000000271,"failureMessages":[],"meta":{}},{"ancestorTitles":["model tool orchestration (scripted provider, not language quality claims)"],"fullName":"model tool orchestration (scripted provider, not language quality claims) returns an explicit fallback when the provider is unavailable","status":"passed","title":"returns an explicit fallback when the provider is unavailable","duration":2.6546000000003005,"failureMessages":[],"meta":{}},{"ancestorTitles":["model tool orchestration (scripted provider, not language quality claims)"],"fullName":"model tool orchestration (scripted provider, not language quality claims) rejects attempted write/unrestricted tool execute_sql","status":"passed","title":"rejects attempted write/unrestricted tool execute_sql","duration":3.869999999999891,"failureMessages":[],"meta":{}},{"ancestorTitles":["model tool orchestration (scripted provider, not language quality claims)"],"fullName":"model tool orchestration (scripted provider, not language quality claims) rejects attempted write/unrestricted tool refund","status":"passed","title":"rejects attempted write/unrestricted tool refund","duration":3.9535000000000764,"failureMessages":[],"meta":{}},{"ancestorTitles":["model tool orchestration (scripted provider, not language quality claims)"],"fullName":"model tool orchestration (scripted provider, not language quality claims) rejects attempted write/unrestricted tool create_reminder","status":"passed","title":"rejects attempted write/unrestricted tool create_reminder","duration":4.571300000000065,"failureMessages":[],"meta":{}},{"ancestorTitles":["model tool orchestration (scripted provider, not language quality claims)"],"fullName":"model tool orchestration (scripted provider, not language quality claims) rejects attempted write/unrestricted tool http","status":"passed","title":"rejects attempted write/unrestricted tool http","duration":43.24350000000004,"failureMessages":[],"meta":{}},{"ancestorTitles":["model tool orchestration (scripted provider, not language quality claims)"],"fullName":"model tool orchestration (scripted provider, not language quality claims) rejects attempted write/unrestricted tool constructor","status":"passed","title":"rejects attempted write/unrestricted tool constructor","duration":3.4447000000000116,"failureMessages":[],"meta":{}},{"ancestorTitles":["model tool orchestration (scripted provider, not language quality claims)"],"fullName":"model tool orchestration (scripted provider, not language quality claims) refuses finance before the model or operational tools run","status":"passed","title":"refuses finance before the model or operational tools run","duration":1.5788000000002285,"failureMessages":[],"meta":{}},{"ancestorTitles":["model tool orchestration (scripted provider, not language quality claims)"],"fullName":"model tool orchestration (scripted provider, not language quality claims) revalidates authorization between model call and tool execution","status":"passed","title":"revalidates authorization between model call and tool execution","duration":4.476900000000114,"failureMessages":[],"meta":{}},{"ancestorTitles":["model tool orchestration (scripted provider, not language quality claims)"],"fullName":"model tool orchestration (scripted provider, not language quality claims) invalidates conversation on manager permission changes","status":"passed","title":"invalidates conversation on manager permission changes","duration":2.9841999999998734,"failureMessages":[],"meta":{}},{"ancestorTitles":["model tool orchestration (scripted provider, not language quality claims)"],"fullName":"model tool orchestration (scripted provider, not language quality claims) rejects frontend cross-tenant context before model calls","status":"passed","title":"rejects frontend cross-tenant context before model calls","duration":0.8834000000001652,"failureMessages":[],"meta":{}},{"ancestorTitles":["model tool orchestration (scripted provider, not language quality claims)"],"fullName":"model tool orchestration (scripted provider, not language quality claims) does not grant instructions embedded in a vehicle label any execution authority","status":"passed","title":"does not grant instructions embedded in a vehicle label any execution authority","duration":3.9085000000000036,"failureMessages":[],"meta":{}},{"ancestorTitles":["model tool orchestration (scripted provider, not language quality claims)"],"fullName":"model tool orchestration (scripted provider, not language quality claims) bounds endless tool requests and labels fallback honestly","status":"passed","title":"bounds endless tool requests and labels fallback honestly","duration":10.491399999999885,"failureMessages":[],"meta":{}},{"ancestorTitles":["provider and domain reuse boundaries"],"fullName":"provider and domain reuse boundaries requires all three private provider configuration values","status":"passed","title":"requires all three private provider configuration values","duration":0.7339000000001761,"failureMessages":[],"meta":{}},{"ancestorTitles":["provider and domain reuse boundaries"],"fullName":"provider and domain reuse boundaries uses the fixed provider, strict tools, no storage and no usage-log writes","status":"passed","title":"uses the fixed provider, strict tools, no storage and no usage-log writes","duration":1.2557000000001608,"failureMessages":[],"meta":{}},{"ancestorTitles":["provider and domain reuse boundaries"],"fullName":"provider and domain reuse boundaries sanitizes provider failure 401 without retrying","status":"passed","title":"sanitizes provider failure 401 without retrying","duration":1.2164000000002488,"failureMessages":[],"meta":{}},{"ancestorTitles":["provider and domain reuse boundaries"],"fullName":"provider and domain reuse boundaries sanitizes provider failure 429 without retrying","status":"passed","title":"sanitizes provider failure 429 without retrying","duration":0.4548000000004322,"failureMessages":[],"meta":{}},{"ancestorTitles":["provider and domain reuse boundaries"],"fullName":"provider and domain reuse boundaries sanitizes provider failure 500 without retrying","status":"passed","title":"sanitizes provider failure 500 without retrying","duration":0.44170000000030996,"failureMessages":[],"meta":{}},{"ancestorTitles":["provider and domain reuse boundaries"],"fullName":"provider and domain reuse boundaries preserves SQL visibility null semantics for pause=null","status":"passed","title":"preserves SQL visibility null semantics for pause=null","duration":0.30600000000004,"failureMessages":[],"meta":{}},{"ancestorTitles":["provider and domain reuse boundaries"],"fullName":"provider and domain reuse boundaries preserves SQL visibility null semantics for pause=false","status":"passed","title":"preserves SQL visibility null semantics for pause=false","duration":0.35250000000041837,"failureMessages":[],"meta":{}},{"ancestorTitles":["provider and domain reuse boundaries"],"fullName":"provider and domain reuse boundaries preserves SQL visibility null semantics for pause=true","status":"passed","title":"preserves SQL visibility null semantics for pause=true","duration":0.32600000000002183,"failureMessages":[],"meta":{}},{"ancestorTitles":["provider and domain reuse boundaries"],"fullName":"provider and domain reuse boundaries uses the same ordered visibility and checkout filter builders","status":"passed","title":"uses the same ordered visibility and checkout filter builders","duration":0.5180000000000291,"failureMessages":[],"meta":{}},{"ancestorTitles":["provider and domain reuse boundaries"],"fullName":"provider and domain reuse boundaries keeps server generated rules equal to the V2 source for edge cases","status":"passed","title":"keeps server generated rules equal to the V2 source for edge cases","duration":0.8843999999999141,"failureMessages":[],"meta":{}},{"ancestorTitles":["provider and domain reuse boundaries"],"fullName":"provider and domain reuse boundaries preserves customer-local today and flags nonexistent DST local times","status":"passed","title":"preserves customer-local today and flags nonexistent DST local times","duration":0.5354000000002088,"failureMessages":[],"meta":{}},{"ancestorTitles":["provider and domain reuse boundaries"],"fullName":"provider and domain reuse boundaries bounds adapter reads and does not select sensitive fields or expose SDK methods","status":"passed","title":"bounds adapter reads and does not select sensitive fields or expose SDK methods","duration":1.2714999999998327,"failureMessages":[],"meta":{}}],"startTime":1789421273728,"endTime":1789421273944.2715,"status":"passed","message":"","name":"C:/Users/User/Documents/Drive_247/drive-247/apps/portal/src/__tests__/lib/trax-operational.test.ts"},{"assertionResults":[{"ancestorTitles":["TRAX request isolation"],"fullName":"TRAX request isolation aborts old tenant requests and rejects results even if fetch ignored cancellation","status":"passed","title":"aborts old tenant requests and rejects results even if fetch ignored cancellation","duration":1.6583000000000538,"failureMessages":[],"meta":{}},{"ancestorTitles":["TRAX request isolation"],"fullName":"TRAX request isolation invalidates in-flight answers on permission changes, logout and reset","status":"passed","title":"invalidates in-flight answers on permission changes, logout and reset","duration":0.29300000000012005,"failureMessages":[],"meta":{}},{"ancestorTitles":["TRAX request isolation"],"fullName":"TRAX request isolation keeps concurrent requests valid when the scope did not change","status":"passed","title":"keeps concurrent requests valid when the scope did not change","duration":0.2522000000001299,"failureMessages":[],"meta":{}},{"ancestorTitles":["TRAX request isolation"],"fullName":"TRAX request isolation only derives record hints from exact supported UUID routes","status":"passed","title":"only derives record hints from exact supported UUID routes","duration":1.2580000000000382,"failureMessages":[],"meta":{}}],"startTime":1789421283254,"endTime":1789421283257.258,"status":"passed","message":"","name":"C:/Users/User/Documents/Drive_247/drive-247/apps/portal/src/__tests__/lib/trax-session.test.ts"},{"assertionResults":[{"ancestorTitles":["TRAX request authorization"],"fullName":"TRAX request authorization supports a future tenant only after server-side V2 enrollment","status":"passed","title":"supports a future tenant only after server-side V2 enrollment","duration":19.375999999999976,"failureMessages":[],"meta":{}},{"ancestorTitles":["TRAX request authorization"],"fullName":"TRAX request authorization does not let a super admin enable the new assistant for another tenant","status":"passed","title":"does not let a super admin enable the new assistant for another tenant","duration":1.1023999999999887,"failureMessages":[],"meta":{}},{"ancestorTitles":["TRAX request authorization"],"fullName":"TRAX request authorization does not trust a client-supplied Northwind slug or V2 flag","status":"passed","title":"does not trust a client-supplied Northwind slug or V2 flag","duration":0.7563999999999851,"failureMessages":[],"meta":{}},{"ancestorTitles":["TRAX request authorization"],"fullName":"TRAX request authorization rejects an oversized request before reading tenant data","status":"passed","title":"rejects an oversized request before reading tenant data","duration":1.1177000000000135,"failureMessages":[],"meta":{}},{"ancestorTitles":["TRAX request authorization"],"fullName":"TRAX request authorization times out a stalled request body without reading tenant data","status":"passed","title":"times out a stalled request body without reading tenant data","duration":3.7230999999999312,"failureMessages":[],"meta":{}},{"ancestorTitles":["TRAX request authorization"],"fullName":"TRAX request authorization rejects an unauthenticated caller","status":"passed","title":"rejects an unauthenticated caller","duration":0.6665000000000418,"failureMessages":[],"meta":{}},{"ancestorTitles":["TRAX request authorization"],"fullName":"TRAX request authorization rejects booking customers with no staff membership","status":"passed","title":"rejects booking customers with no staff membership","duration":1.994499999999789,"failureMessages":[],"meta":{}},{"ancestorTitles":["TRAX request authorization"],"fullName":"TRAX request authorization rejects unsupported role viewer_external","status":"passed","title":"rejects unsupported role viewer_external","duration":1.3929000000000542,"failureMessages":[],"meta":{}},{"ancestorTitles":["TRAX request authorization"],"fullName":"TRAX request authorization rejects unsupported role unknown","status":"passed","title":"rejects unsupported role unknown","duration":0.9958999999998923,"failureMessages":[],"meta":{}},{"ancestorTitles":["TRAX request authorization"],"fullName":"TRAX request authorization rejects unsupported role customer","status":"passed","title":"rejects unsupported role customer","duration":0.519800000000032,"failureMessages":[],"meta":{}},{"ancestorTitles":["TRAX request authorization"],"fullName":"TRAX request authorization rejects inactive staff","status":"passed","title":"rejects inactive staff","duration":0.46689999999989595,"failureMessages":[],"meta":{}},{"ancestorTitles":["TRAX request authorization"],"fullName":"TRAX request authorization rejects inactive tenants","status":"passed","title":"rejects inactive tenants","duration":0.4438000000000102,"failureMessages":[],"meta":{}},{"ancestorTitles":["TRAX request authorization"],"fullName":"TRAX request authorization cannot switch ordinary staff using a client tenant ID","status":"passed","title":"cannot switch ordinary staff using a client tenant ID","duration":0.6087999999999738,"failureMessages":[],"meta":{}},{"ancestorTitles":["TRAX request authorization"],"fullName":"TRAX request authorization derives a missing tenant hint from membership","status":"passed","title":"derives a missing tenant hint from membership","duration":2.650899999999865,"failureMessages":[],"meta":{}},{"ancestorTitles":["TRAX request authorization"],"fullName":"TRAX request authorization supports an explicitly selected super-admin tenant after server verification","status":"passed","title":"supports an explicitly selected super-admin tenant after server verification","duration":2.669599999999946,"failureMessages":[],"meta":{}},{"ancestorTitles":["TRAX request authorization"],"fullName":"TRAX request authorization does not trust user identity or role in the body","status":"passed","title":"does not trust user identity or role in the body","duration":0.8826000000001386,"failureMessages":[],"meta":{}},{"ancestorTitles":["TRAX request authorization"],"fullName":"TRAX request authorization fails closed on a permissions service failure","status":"passed","title":"fails closed on a permissions service failure","duration":1.3272999999999229,"failureMessages":[],"meta":{}},{"ancestorTitles":["TRAX request authorization"],"fullName":"TRAX request authorization revalidates permissions before returning a prepared response","status":"passed","title":"revalidates permissions before returning a prepared response","duration":2.093800000000101,"failureMessages":[],"meta":{}},{"ancestorTitles":["TRAX conversations and knowledge boundary"],"fullName":"TRAX conversations and knowledge boundary binds conversation ownership to user as well as tenant","status":"passed","title":"binds conversation ownership to user as well as tenant","duration":10.058999999999969,"failureMessages":[],"meta":{}},{"ancestorTitles":["TRAX conversations and knowledge boundary"],"fullName":"TRAX conversations and knowledge boundary invalidates conversation context across a super-admin tenant switch","status":"passed","title":"invalidates conversation context across a super-admin tenant switch","duration":3.2694000000001324,"failureMessages":[],"meta":{}},{"ancestorTitles":["TRAX conversations and knowledge boundary"],"fullName":"TRAX conversations and knowledge boundary invalidates old evidence after role changes","status":"passed","title":"invalidates old evidence after role changes","duration":2.5569000000000415,"failureMessages":[],"meta":{}},{"ancestorTitles":["TRAX conversations and knowledge boundary"],"fullName":"TRAX conversations and knowledge boundary rejects forged and legacy database conversation IDs","status":"passed","title":"rejects forged and legacy database conversation IDs","duration":4.555100000000039,"failureMessages":[],"meta":{}},{"ancestorTitles":["TRAX conversations and knowledge boundary"],"fullName":"TRAX conversations and knowledge boundary expires the stateless conversation after 30 minutes","status":"passed","title":"expires the stateless conversation after 30 minutes","duration":2.470700000000079,"failureMessages":[],"meta":{}},{"ancestorTitles":["TRAX conversations and knowledge boundary"],"fullName":"TRAX conversations and knowledge boundary keeps a follow-up attached to an authorized prepared section","status":"passed","title":"keeps a follow-up attached to an authorized prepared section","duration":3.6061999999999443,"failureMessages":[],"meta":{}},{"ancestorTitles":["TRAX conversations and knowledge boundary"],"fullName":"TRAX conversations and knowledge boundary does not reuse the previous guide for a financial follow-up","status":"passed","title":"does not reuse the previous guide for a financial follow-up","duration":3.9913000000001375,"failureMessages":[],"meta":{}},{"ancestorTitles":["TRAX conversations and knowledge boundary"],"fullName":"TRAX conversations and knowledge boundary never accepts injected history or old embedding evidence","status":"passed","title":"never accepts injected history or old embedding evidence","duration":0.9786999999998898,"failureMessages":[],"meta":{}},{"ancestorTitles":["TRAX conversations and knowledge boundary"],"fullName":"TRAX conversations and knowledge boundary returns documented guidance without claiming a live rental check","status":"passed","title":"returns documented guidance without claiming a live rental check","duration":1.702199999999948,"failureMessages":[],"meta":{}},{"ancestorTitles":["TRAX conversations and knowledge boundary"],"fullName":"TRAX conversations and knowledge boundary does not claim a verified production release","status":"passed","title":"does not claim a verified production release","duration":3.0942999999999756,"failureMessages":[],"meta":{}},{"ancestorTitles":["TRAX conversations and knowledge boundary"],"fullName":"TRAX conversations and knowledge boundary supports Roman Urdu and preserves the next conversational section","status":"passed","title":"supports Roman Urdu and preserves the next conversational section","duration":8.064499999999953,"failureMessages":[],"meta":{}},{"ancestorTitles":["TRAX conversations and knowledge boundary"],"fullName":"TRAX conversations and knowledge boundary does not echo prompt injection into guidance","status":"passed","title":"does not echo prompt injection into guidance","duration":2.2707000000000335,"failureMessages":[],"meta":{}},{"ancestorTitles":["TRAX conversations and knowledge boundary"],"fullName":"TRAX conversations and knowledge boundary never emits a made-up Stripe balance","status":"passed","title":"never emits a made-up Stripe balance","duration":1.7221000000001823,"failureMessages":[],"meta":{}},{"ancestorTitles":["TRAX read-only tools and verified navigation"],"fullName":"TRAX read-only tools and verified navigation has exactly the approved read-only allowlist","status":"passed","title":"has exactly the approved read-only allowlist","duration":0.30369999999993524,"failureMessages":[],"meta":{}},{"ancestorTitles":["TRAX read-only tools and verified navigation"],"fullName":"TRAX read-only tools and verified navigation rejects unavailable tool create_reminder","status":"passed","title":"rejects unavailable tool create_reminder","duration":2.770699999999806,"failureMessages":[],"meta":{}},{"ancestorTitles":["TRAX read-only tools and verified navigation"],"fullName":"TRAX read-only tools and verified navigation rejects unavailable tool execute_sql","status":"passed","title":"rejects unavailable tool execute_sql","duration":0.8251000000000204,"failureMessages":[],"meta":{}},{"ancestorTitles":["TRAX read-only tools and verified navigation"],"fullName":"TRAX read-only tools and verified navigation rejects unavailable tool http","status":"passed","title":"rejects unavailable tool http","duration":0.45849999999995816,"failureMessages":[],"meta":{}},{"ancestorTitles":["TRAX read-only tools and verified navigation"],"fullName":"TRAX read-only tools and verified navigation rejects unavailable tool shell","status":"passed","title":"rejects unavailable tool shell","duration":0.2884999999998854,"failureMessages":[],"meta":{}},{"ancestorTitles":["TRAX read-only tools and verified navigation"],"fullName":"TRAX read-only tools and verified navigation rejects unavailable tool get_stripe_account_summary","status":"passed","title":"rejects unavailable tool get_stripe_account_summary","duration":0.26739999999995234,"failureMessages":[],"meta":{}},{"ancestorTitles":["TRAX read-only tools and verified navigation"],"fullName":"TRAX read-only tools and verified navigation rejects unavailable tool diagnose_vehicle_availability","status":"passed","title":"rejects unavailable tool diagnose_vehicle_availability","duration":0.28359999999997854,"failureMessages":[],"meta":{}},{"ancestorTitles":["TRAX read-only tools and verified navigation"],"fullName":"TRAX read-only tools and verified navigation rejects unavailable tool constructor","status":"passed","title":"rejects unavailable tool constructor","duration":0.27539999999999054,"failureMessages":[],"meta":{}},{"ancestorTitles":["TRAX read-only tools and verified navigation"],"fullName":"TRAX read-only tools and verified navigation rejects the old execute_action path","status":"passed","title":"rejects the old execute_action path","duration":0.5400999999999385,"failureMessages":[],"meta":{}},{"ancestorTitles":["TRAX read-only tools and verified navigation"],"fullName":"TRAX read-only tools and verified navigation revalidates an entity on every navigation request","status":"passed","title":"revalidates an entity on every navigation request","duration":2.200399999999945,"failureMessages":[],"meta":{}},{"ancestorTitles":["TRAX read-only tools and verified navigation"],"fullName":"TRAX read-only tools and verified navigation returns navigation without using the legacy business-action response field","status":"passed","title":"returns navigation without using the legacy business-action response field","duration":2.0885000000000673,"failureMessages":[],"meta":{}},{"ancestorTitles":["TRAX read-only tools and verified navigation"],"fullName":"TRAX read-only tools and verified navigation rejects a cross-tenant record even if the reader returned it","status":"passed","title":"rejects a cross-tenant record even if the reader returned it","duration":0.9455000000000382,"failureMessages":[],"meta":{}},{"ancestorTitles":["TRAX read-only tools and verified navigation"],"fullName":"TRAX read-only tools and verified navigation rejects a forged current-page record before preparing guidance","status":"passed","title":"rejects a forged current-page record before preparing guidance","duration":0.7682999999999538,"failureMessages":[],"meta":{}},{"ancestorTitles":["TRAX read-only tools and verified navigation"],"fullName":"TRAX read-only tools and verified navigation never includes stored text in evidence","status":"passed","title":"never includes stored text in evidence","duration":1.7608999999999924,"failureMessages":[],"meta":{}},{"ancestorTitles":["TRAX read-only tools and verified navigation"],"fullName":"TRAX read-only tools and verified navigation uses the V2 builder for the return action","status":"passed","title":"uses the V2 builder for the return action","duration":1.294700000000148,"failureMessages":[],"meta":{}},{"ancestorTitles":["TRAX read-only tools and verified navigation"],"fullName":"TRAX read-only tools and verified navigation rejects navigation from other tenant layouts at the server boundary","status":"passed","title":"rejects navigation from other tenant layouts at the server boundary","duration":0.5971000000001823,"failureMessages":[],"meta":{}},{"ancestorTitles":["TRAX read-only tools and verified navigation"],"fullName":"TRAX read-only tools and verified navigation does not offer the return edit destination to viewers","status":"passed","title":"does not offer the return edit destination to viewers","duration":0.8137000000001535,"failureMessages":[],"meta":{}},{"ancestorTitles":["TRAX read-only tools and verified navigation"],"fullName":"TRAX read-only tools and verified navigation honors manager tab and sub-tab permissions","status":"passed","title":"honors manager tab and sub-tab permissions","duration":19.746900000000096,"failureMessages":[],"meta":{}},{"ancestorTitles":["TRAX read-only tools and verified navigation"],"fullName":"TRAX read-only tools and verified navigation does not expose a hidden lean feature through guidance","status":"passed","title":"does not expose a hidden lean feature through guidance","duration":2.8087000000000444,"failureMessages":[],"meta":{}},{"ancestorTitles":["TRAX read-only tools and verified navigation"],"fullName":"TRAX read-only tools and verified navigation rejects knowledge access for a permitted non-Northwind tenant","status":"passed","title":"rejects knowledge access for a permitted non-Northwind tenant","duration":0.9773999999999887,"failureMessages":[],"meta":{}},{"ancestorTitles":["TRAX read-only tools and verified navigation"],"fullName":"TRAX read-only tools and verified navigation rejects an arbitrary destination https://evil.invalid","status":"passed","title":"rejects an arbitrary destination https://evil.invalid","duration":1.2218000000000302,"failureMessages":[],"meta":{}},{"ancestorTitles":["TRAX read-only tools and verified navigation"],"fullName":"TRAX read-only tools and verified navigation rejects an arbitrary destination //evil.invalid","status":"passed","title":"rejects an arbitrary destination //evil.invalid","duration":0.9923000000001139,"failureMessages":[],"meta":{}},{"ancestorTitles":["TRAX read-only tools and verified navigation"],"fullName":"TRAX read-only tools and verified navigation rejects an arbitrary destination /dev","status":"passed","title":"rejects an arbitrary destination /dev","duration":0.7755999999999403,"failureMessages":[],"meta":{}},{"ancestorTitles":["TRAX read-only tools and verified navigation"],"fullName":"TRAX read-only tools and verified navigation rejects an arbitrary destination constructor","status":"passed","title":"rejects an arbitrary destination constructor","duration":0.6851000000001477,"failureMessages":[],"meta":{}},{"ancestorTitles":["TRAX read-only tools and verified navigation"],"fullName":"TRAX read-only tools and verified navigation does not accept a URL alongside an approved target","status":"passed","title":"does not accept a URL alongside an approved target","duration":0.7622999999998683,"failureMessages":[],"meta":{}},{"ancestorTitles":["TRAX read-only tools and verified navigation"],"fullName":"TRAX read-only tools and verified navigation withholds ambiguous finance permission for admin","status":"passed","title":"withholds ambiguous finance permission for admin","duration":0.3371999999999389,"failureMessages":[],"meta":{}},{"ancestorTitles":["TRAX read-only tools and verified navigation"],"fullName":"TRAX read-only tools and verified navigation withholds ambiguous finance permission for head_admin","status":"passed","title":"withholds ambiguous finance permission for head_admin","duration":0.25949999999988904,"failureMessages":[],"meta":{}},{"ancestorTitles":["TRAX read-only tools and verified navigation"],"fullName":"TRAX read-only tools and verified navigation withholds ambiguous finance permission for manager","status":"passed","title":"withholds ambiguous finance permission for manager","duration":0.26880000000005566,"failureMessages":[],"meta":{}},{"ancestorTitles":["TRAX read-only tools and verified navigation"],"fullName":"TRAX read-only tools and verified navigation withholds ambiguous finance permission for viewer","status":"passed","title":"withholds ambiguous finance permission for viewer","duration":0.24519999999984066,"failureMessages":[],"meta":{}},{"ancestorTitles":["TRAX read-only tools and verified navigation"],"fullName":"TRAX read-only tools and verified navigation withholds ambiguous finance permission for ops","status":"passed","title":"withholds ambiguous finance permission for ops","duration":0.27150000000006,"failureMessages":[],"meta":{}}],"startTime":1789421279841,"endTime":1789421279979.2715,"status":"passed","message":"","name":"C:/Users/User/Documents/Drive_247/drive-247/apps/portal/src/__tests__/lib/trax-support.test.ts"}]}