{"numTotalTestSuites":4,"numPassedTestSuites":4,"numFailedTestSuites":0,"numPendingTestSuites":0,"numTotalTests":48,"numPassedTests":48,"numFailedTests":0,"numPendingTests":0,"numTodoTests":0,"snapshot":{"added":0,"failure":false,"filesAdded":0,"filesRemoved":0,"filesRemovedList":[],"filesUnmatched":0,"filesUpdated":0,"matched":0,"total":0,"unchecked":0,"uncheckedKeysByFile":[],"unmatched":0,"updated":0,"didUpdate":false},"startTime":1789421219321,"success":true,"testResults":[{"assertionResults":[{"ancestorTitles":["complete, tenant-scoped fleet facts"],"fullName":"complete, tenant-scoped fleet facts Tenant 1 with two cars and Tenant 2 with six cars get their own exact totals through the real handler","status":"passed","title":"Tenant 1 with two cars and Tenant 2 with six cars get their own exact totals through the real handler","duration":45.41220000000021,"failureMessages":[],"meta":{}},{"ancestorTitles":["complete, tenant-scoped fleet facts"],"fullName":"complete, tenant-scoped fleet facts counts beyond table pagination remain exact and do not load customer records","status":"passed","title":"counts beyond table pagination remain exact and do not load customer records","duration":5.5405000000000655,"failureMessages":[],"meta":{}},{"ancestorTitles":["complete, tenant-scoped fleet facts"],"fullName":"complete, tenant-scoped fleet facts refuses a frontend attempt to select the other tenant before the model runs","status":"passed","title":"refuses a frontend attempt to select the other tenant before the model runs","duration":2.637300000000323,"failureMessages":[],"meta":{}},{"ancestorTitles":["complete, tenant-scoped fleet facts"],"fullName":"complete, tenant-scoped fleet facts rejects a tenant argument from a model tool before any count query","status":"passed","title":"rejects a tenant argument from a model tool before any count query","duration":14.501299999999901,"failureMessages":[],"meta":{}},{"ancestorTitles":["complete, tenant-scoped fleet facts"],"fullName":"complete, tenant-scoped fleet facts failed queries produce unknown totals, never zero","status":"passed","title":"failed queries produce unknown totals, never zero","duration":1.2282999999997628,"failureMessages":[],"meta":{}},{"ancestorTitles":["complete, tenant-scoped fleet facts"],"fullName":"complete, tenant-scoped fleet facts a manager without customer access cannot query or receive its count","status":"passed","title":"a manager without customer access cannot query or receive its count","duration":6.286499999999705,"failureMessages":[],"meta":{}},{"ancestorTitles":["complete, tenant-scoped fleet facts"],"fullName":"complete, tenant-scoped fleet facts separates two bookings on one car from the unique booked-vehicle count","status":"passed","title":"separates two bookings on one car from the unique booked-vehicle count","duration":6.975599999999758,"failureMessages":[],"meta":{}},{"ancestorTitles":["complete, tenant-scoped fleet facts"],"fullName":"complete, tenant-scoped fleet facts does not expose a foreign vehicle relationship on an authorized rental","status":"passed","title":"does not expose a foreign vehicle relationship on an authorized rental","duration":1.1954000000000633,"failureMessages":[],"meta":{}},{"ancestorTitles":["complete, tenant-scoped fleet facts"],"fullName":"complete, tenant-scoped fleet facts does not calculate a whole-fleet unique total from a partial rental page","status":"passed","title":"does not calculate a whole-fleet unique total from a partial rental page","duration":1.0972000000001572,"failureMessages":[],"meta":{}},{"ancestorTitles":["complete, tenant-scoped fleet facts"],"fullName":"complete, tenant-scoped fleet facts uses tenant-local current date for upcoming reservations","status":"passed","title":"uses tenant-local current date for upcoming reservations","duration":1.6768999999999323,"failureMessages":[],"meta":{}},{"ancestorTitles":["complete, tenant-scoped fleet facts"],"fullName":"complete, tenant-scoped fleet facts does not substitute server timezone when tenant timezone is missing","status":"passed","title":"does not substitute server timezone when tenant timezone is missing","duration":1.4453999999996086,"failureMessages":[],"meta":{}},{"ancestorTitles":["complete, tenant-scoped fleet facts"],"fullName":"complete, tenant-scoped fleet facts asks for requested dates rather than treating free now as bookable","status":"passed","title":"asks for requested dates rather than treating free now as bookable","duration":3.842999999999847,"failureMessages":[],"meta":{}},{"ancestorTitles":["complete, tenant-scoped fleet facts"],"fullName":"complete, tenant-scoped fleet facts fleet date checks reuse open-return, visibility and block rules","status":"passed","title":"fleet date checks reuse open-return, visibility and block rules","duration":6.123999999999796,"failureMessages":[],"meta":{}},{"ancestorTitles":["complete, tenant-scoped fleet facts"],"fullName":"complete, tenant-scoped fleet facts failed availability reads cannot certify a car as available","status":"passed","title":"failed availability reads cannot certify a car as available","duration":1.6053000000001703,"failureMessages":[],"meta":{}},{"ancestorTitles":["complete, tenant-scoped fleet facts"],"fullName":"complete, tenant-scoped fleet facts rejects cross-tenant rows returned by a broken adapter","status":"passed","title":"rejects cross-tenant rows returned by a broken adapter","duration":1.271099999999933,"failureMessages":[],"meta":{}},{"ancestorTitles":["complete, tenant-scoped fleet facts"],"fullName":"complete, tenant-scoped fleet facts exact count adapter uses head counts and an explicit tenant predicate","status":"passed","title":"exact count adapter uses head counts and an explicit tenant predicate","duration":1.0511999999998807,"failureMessages":[],"meta":{}},{"ancestorTitles":["deterministic issue policy and real submission boundary"],"fullName":"deterministic issue policy and real submission boundary necessary clarification and many messages do not repeatedly increase escalation","status":"passed","title":"necessary clarification and many messages do not repeatedly increase escalation","duration":1.5516999999999825,"failureMessages":[],"meta":{}},{"ancestorTitles":["deterministic issue policy and real submission boundary"],"fullName":"deterministic issue policy and real submission boundary duplicate failures are not counted again","status":"passed","title":"duplicate failures are not counted again","duration":0.753099999999904,"failureMessages":[],"meta":{}},{"ancestorTitles":["deterministic issue policy and real submission boundary"],"fullName":"deterministic issue policy and real submission boundary new verified progress reduces need and explicit resolution ends the issue","status":"passed","title":"new verified progress reduces need and explicit resolution ends the issue","duration":0.5523000000002867,"failureMessages":[],"meta":{}},{"ancestorTitles":["deterministic issue policy and real submission boundary"],"fullName":"deterministic issue policy and real submission boundary policy is configurable but a user request for support stays immediate","status":"passed","title":"policy is configurable but a user request for support stays immediate","duration":4.723199999999906,"failureMessages":[],"meta":{}},{"ancestorTitles":["deterministic issue policy and real submission boundary"],"fullName":"deterministic issue policy and real submission boundary unsupported payment issue reaches 100 without financial reads or a ticket","status":"passed","title":"unsupported payment issue reaches 100 without financial reads or a ticket","duration":4.521400000000085,"failureMessages":[],"meta":{}},{"ancestorTitles":["deterministic issue policy and real submission boundary"],"fullName":"deterministic issue policy and real submission boundary an unrelated vehicle-count question has independent escalation","status":"passed","title":"an unrelated vehicle-count question has independent escalation","duration":6.590599999999995,"failureMessages":[],"meta":{}},{"ancestorTitles":["deterministic issue policy and real submission boundary"],"fullName":"deterministic issue policy and real submission boundary New issue starts an independent investigation even for the same topic","status":"passed","title":"New issue starts an independent investigation even for the same topic","duration":16.371000000000095,"failureMessages":[],"meta":{}},{"ancestorTitles":["deterministic issue policy and real submission boundary"],"fullName":"deterministic issue policy and real submission boundary missing required arguments are clarification, not a failed diagnostic","status":"passed","title":"missing required arguments are clarification, not a failed diagnostic","duration":9.663099999999758,"failureMessages":[],"meta":{}},{"ancestorTitles":["deterministic issue policy and real submission boundary"],"fullName":"deterministic issue policy and real submission boundary general payment-method guidance does not claim a financial investigation","status":"passed","title":"general payment-method guidance does not claim a financial investigation","duration":4.369900000000143,"failureMessages":[],"meta":{}},{"ancestorTitles":["deterministic issue policy and real submission boundary"],"fullName":"deterministic issue policy and real submission boundary mixed payment-method and live balance questions remain financially restricted","status":"passed","title":"mixed payment-method and live balance questions remain financially restricted","duration":1.7795000000000982,"failureMessages":[],"meta":{}},{"ancestorTitles":["deterministic issue policy and real submission boundary"],"fullName":"deterministic issue policy and real submission boundary reads the actual V2 Bonzah and listing workflow sections without account claims","status":"passed","title":"reads the actual V2 Bonzah and listing workflow sections without account claims","duration":7.811999999999898,"failureMessages":[],"meta":{}},{"ancestorTitles":["deterministic issue policy and real submission boundary"],"fullName":"deterministic issue policy and real submission boundary bounded session fallback can continue a multi-issue history without persistent storage","status":"passed","title":"bounded session fallback can continue a multi-issue history without persistent storage","duration":71.66780000000017,"failureMessages":[],"meta":{}},{"ancestorTitles":["deterministic issue policy and real submission boundary"],"fullName":"deterministic issue policy and real submission boundary explicit human support request offers handoff without submitting","status":"passed","title":"explicit human support request offers handoff without submitting","duration":3.1158000000000357,"failureMessages":[],"meta":{}},{"ancestorTitles":["deterministic issue policy and real submission boundary"],"fullName":"deterministic issue policy and real submission boundary asking a person preserves the active issue and skips additional model troubleshooting","status":"passed","title":"asking a person preserves the active issue and skips additional model troubleshooting","duration":7.1153000000003885,"failureMessages":[],"meta":{}},{"ancestorTitles":["deterministic issue policy and real submission boundary"],"fullName":"deterministic issue policy and real submission boundary only explicit submit_ticket persists a ticket and retries return the same reference","status":"passed","title":"only explicit submit_ticket persists a ticket and retries return the same reference","duration":4.456900000000132,"failureMessages":[],"meta":{}},{"ancestorTitles":["deterministic issue policy and real submission boundary"],"fullName":"deterministic issue policy and real submission boundary failed creation returns no invented reference and keeps stored conversation","status":"passed","title":"failed creation returns no invented reference and keeps stored conversation","duration":2.5419999999999163,"failureMessages":[],"meta":{}},{"ancestorTitles":["deterministic issue policy and real submission boundary"],"fullName":"deterministic issue policy and real submission boundary an issue ID from another conversation cannot be submitted","status":"passed","title":"an issue ID from another conversation cannot be submitted","duration":3.5412999999998647,"failureMessages":[],"meta":{}},{"ancestorTitles":["deterministic issue policy and real submission boundary"],"fullName":"deterministic issue policy and real submission boundary tenant switching invalidates conversation, ticket actions and resume","status":"passed","title":"tenant switching invalidates conversation, ticket actions and resume","duration":4.658899999999903,"failureMessages":[],"meta":{}},{"ancestorTitles":["deterministic issue policy and real submission boundary"],"fullName":"deterministic issue policy and real submission boundary role changes invalidate previous evidence and submission","status":"passed","title":"role changes invalidate previous evidence and submission","duration":2.5497999999997774,"failureMessages":[],"meta":{}},{"ancestorTitles":["deterministic issue policy and real submission boundary"],"fullName":"deterministic issue policy and real submission boundary resume restores issue state after refresh without increasing scores","status":"passed","title":"resume restores issue state after refresh without increasing scores","duration":2.6723000000001775,"failureMessages":[],"meta":{}},{"ancestorTitles":["deterministic issue policy and real submission boundary"],"fullName":"deterministic issue policy and real submission boundary normal tenant administrators cannot open a support queue","status":"passed","title":"normal tenant administrators cannot open a support queue","duration":1.0679000000000087,"failureMessages":[],"meta":{}},{"ancestorTitles":["deterministic issue policy and real submission boundary"],"fullName":"deterministic issue policy and real submission boundary resolved issues do not automatically close submitted tickets","status":"passed","title":"resolved issues do not automatically close submitted tickets","duration":4.072099999999864,"failureMessages":[],"meta":{}},{"ancestorTitles":["deterministic issue policy and real submission boundary"],"fullName":"deterministic issue policy and real submission boundary support storage failure does not produce a fake ticket capability","status":"passed","title":"support storage failure does not produce a fake ticket capability","duration":1.6364000000003216,"failureMessages":[],"meta":{}},{"ancestorTitles":["deterministic issue policy and real submission boundary"],"fullName":"deterministic issue policy and real submission boundary API keys, tokens, payment identifiers, email and card numbers are removed from handoff text","status":"passed","title":"API keys, tokens, payment identifiers, email and card numbers are removed from handoff text","duration":0.7307000000000698,"failureMessages":[],"meta":{}},{"ancestorTitles":["deterministic issue policy and real submission boundary"],"fullName":"deterministic issue policy and real submission boundary redaction preserves useful rental dates while removing phone and card numbers","status":"passed","title":"redaction preserves useful rental dates while removing phone and card numbers","duration":0.5340000000001055,"failureMessages":[],"meta":{}},{"ancestorTitles":["deterministic issue policy and real submission boundary"],"fullName":"deterministic issue policy and real submission boundary the model cannot create tickets through a function call","status":"passed","title":"the model cannot create tickets through a function call","duration":4.976799999999912,"failureMessages":[],"meta":{}},{"ancestorTitles":["deterministic issue policy and real submission boundary"],"fullName":"deterministic issue policy and real submission boundary blocks financial mutation tools even during an existing issue","status":"passed","title":"blocks financial mutation tools even during an existing issue","duration":3.849999999999909,"failureMessages":[],"meta":{}},{"ancestorTitles":["Responses API contract"],"fullName":"Responses API contract carries function outputs and encrypted reasoning items through a stateless loop","status":"passed","title":"carries function outputs and encrypted reasoning items through a stateless loop","duration":0.5670000000000073,"failureMessages":[],"meta":{}},{"ancestorTitles":["Responses API contract"],"fullName":"Responses API contract uses a server-configured model and never includes credentials in input","status":"passed","title":"uses a server-configured model and never includes credentials in input","duration":1.184700000000248,"failureMessages":[],"meta":{}},{"ancestorTitles":["Responses API contract"],"fullName":"Responses API contract rejects a incomplete provider response without fabricating an answer","status":"passed","title":"rejects a incomplete provider response without fabricating an answer","duration":1.0072999999997592,"failureMessages":[],"meta":{}},{"ancestorTitles":["Responses API contract"],"fullName":"Responses API contract rejects a failed provider response without fabricating an answer","status":"passed","title":"rejects a failed provider response without fabricating an answer","duration":0.6297000000004118,"failureMessages":[],"meta":{}},{"ancestorTitles":["Responses API contract"],"fullName":"Responses API contract rejects a cancelled provider response without fabricating an answer","status":"passed","title":"rejects a cancelled provider response without fabricating an answer","duration":0.6653999999998632,"failureMessages":[],"meta":{}}],"startTime":1789421222409,"endTime":1789421222694.6653,"status":"passed","message":"","name":"C:/Users/User/Documents/Drive_247/drive-247/apps/portal/src/__tests__/lib/trax-escalation.test.ts"}]}